<?xml version="1.0" encoding="UTF-8"?>
<testng-results skipped="0" failed="0" total="1" passed="1">
  <reporter-output>
  </reporter-output>
  <suite name="Default suite" duration-ms="3296" started-at="2016-08-27T11:59:01Z" finished-at="2016-08-27T11:59:04Z">
    <groups>
    </groups>
    <test name="Default test" duration-ms="3296" started-at="2016-08-27T11:59:01Z" finished-at="2016-08-27T11:59:04Z">
      <class name="com.byteclarity.ormtouchstone.model1.AddTests">
        <test-method status="PASS" signature="springTestContextBeforeTestClass()[pri:0, instance:com.byteclarity.ormtouchstone.model1.AddTests@9225652]" name="springTestContextBeforeTestClass" is-config="true" duration-ms="10" started-at="2016-08-27T04:59:01Z" finished-at="2016-08-27T04:59:01Z">
          <reporter-output>
          </reporter-output>
        </test-method> <!-- springTestContextBeforeTestClass -->
        <test-method status="PASS" signature="springTestContextPrepareTestInstance()[pri:0, instance:com.byteclarity.ormtouchstone.model1.AddTests@9225652]" name="springTestContextPrepareTestInstance" is-config="true" duration-ms="3033" started-at="2016-08-27T04:59:01Z" depends-on-methods="org.springframework.test.context.testng.AbstractTestNGSpringContextTests.springTestContextBeforeTestClass" finished-at="2016-08-27T04:59:04Z">
          <reporter-output>
          </reporter-output>
        </test-method> <!-- springTestContextPrepareTestInstance -->
        <test-method status="PASS" signature="intBaseData()[pri:0, instance:com.byteclarity.ormtouchstone.model1.AddTests@9225652]" name="intBaseData" is-config="true" duration-ms="129" started-at="2016-08-27T04:59:04Z" finished-at="2016-08-27T04:59:04Z">
          <reporter-output>
          </reporter-output>
        </test-method> <!-- intBaseData -->
        <test-method status="PASS" signature="springTestContextBeforeTestMethod(java.lang.reflect.Method)[pri:0, instance:com.byteclarity.ormtouchstone.model1.AddTests@9225652]" name="springTestContextBeforeTestMethod" is-config="true" duration-ms="15" started-at="2016-08-27T04:59:04Z" finished-at="2016-08-27T04:59:04Z">
          <params>
            <param index="0">
              <value>
                <![CDATA[public void com.byteclarity.ormtouchstone.model1.AddTests.addTest1()]]>
              </value>
            </param>
          </params>
          <reporter-output>
          </reporter-output>
        </test-method> <!-- springTestContextBeforeTestMethod -->
        <test-method status="PASS" signature="addTest1()[pri:0, instance:com.byteclarity.ormtouchstone.model1.AddTests@9225652]" name="addTest1" duration-ms="41" started-at="2016-08-27T04:59:04Z" finished-at="2016-08-27T04:59:04Z">
          <reporter-output>
          </reporter-output>
        </test-method> <!-- addTest1 -->
        <test-method status="PASS" signature="springTestContextAfterTestMethod(java.lang.reflect.Method)[pri:0, instance:com.byteclarity.ormtouchstone.model1.AddTests@9225652]" name="springTestContextAfterTestMethod" is-config="true" duration-ms="3" started-at="2016-08-27T04:59:04Z" finished-at="2016-08-27T04:59:04Z">
          <params>
            <param index="0">
              <value>
                <![CDATA[public void com.byteclarity.ormtouchstone.model1.AddTests.addTest1()]]>
              </value>
            </param>
          </params>
          <reporter-output>
          </reporter-output>
        </test-method> <!-- springTestContextAfterTestMethod -->
        <test-method status="PASS" signature="springTestContextAfterTestClass()[pri:0, instance:com.byteclarity.ormtouchstone.model1.AddTests@9225652]" name="springTestContextAfterTestClass" is-config="true" duration-ms="0" started-at="2016-08-27T04:59:04Z" finished-at="2016-08-27T04:59:04Z">
          <reporter-output>
          </reporter-output>
        </test-method> <!-- springTestContextAfterTestClass -->
      </class> <!-- com.byteclarity.ormtouchstone.model1.AddTests -->
    </test> <!-- Default test -->
  </suite> <!-- Default suite -->
</testng-results>
